c:\users\edgar\documents\github\motorvideojuegos\sdl2_simple_example\sdl2_simple_example\x64\debug\vc143.pdb
c:\users\edgar\documents\github\motorvideojuegos\sdl2_simple_example\sdl2_simple_example\x64\debug\vc143.idb
c:\users\edgar\documents\github\motorvideojuegos\sdl2_simple_example\sdl2_simple_example\x64\debug\mywindow.obj
c:\users\edgar\documents\github\motorvideojuegos\sdl2_simple_example\sdl2_simple_example\x64\debug\main.obj
c:\users\edgar\documents\github\motorvideojuegos\sdl2_simple_example\sdl2_simple_example\x64\debug\importerfbx.obj
c:\users\edgar\documents\github\motorvideojuegos\sdl2_simple_example\sdl2_simple_example\x64\debug\basicforms.obj
c:\users\edgar\documents\github\motorvideojuegos\sdl2_simple_example\x64\debug\sdl2_simple_example.exe
c:\users\edgar\documents\github\motorvideojuegos\sdl2_simple_example\x64\debug\sdl2_simple_example.pdb
c:\users\edgar\documents\github\motorvideojuegos\sdl2_simple_example\x64\debug\assimp-vc143-mtd.dll
c:\users\edgar\documents\github\motorvideojuegos\sdl2_simple_example\x64\debug\poly2tri.dll
c:\users\edgar\documents\github\motorvideojuegos\sdl2_simple_example\x64\debug\minizip.dll
c:\users\edgar\documents\github\motorvideojuegos\sdl2_simple_example\x64\debug\zlibd1.dll
c:\users\edgar\documents\github\motorvideojuegos\sdl2_simple_example\x64\debug\pugixml.dll
c:\users\edgar\documents\github\motorvideojuegos\sdl2_simple_example\x64\debug\glew32d.dll
c:\users\edgar\documents\github\motorvideojuegos\sdl2_simple_example\x64\debug\sdl2d.dll
c:\users\edgar\documents\github\motorvideojuegos\sdl2_simple_example\x64\debug\devil.dll
c:\users\edgar\documents\github\motorvideojuegos\sdl2_simple_example\x64\debug\libpng16d.dll
c:\users\edgar\documents\github\motorvideojuegos\sdl2_simple_example\x64\debug\jpeg62.dll
c:\users\edgar\documents\github\motorvideojuegos\sdl2_simple_example\x64\debug\tiffd.dll
c:\users\edgar\documents\github\motorvideojuegos\sdl2_simple_example\x64\debug\liblzma.dll
c:\users\edgar\documents\github\motorvideojuegos\sdl2_simple_example\x64\debug\jasperd.dll
c:\users\edgar\documents\github\motorvideojuegos\sdl2_simple_example\x64\debug\lcms2.dll
c:\users\edgar\documents\github\motorvideojuegos\sdl2_simple_example\x64\debug\ilu.dll
c:\users\edgar\documents\github\motorvideojuegos\sdl2_simple_example\x64\debug\ilut.dll
c:\users\edgar\documents\github\motorvideojuegos\sdl2_simple_example\sdl2_simple_example\x64\debug\sdl2_simple_example.ilk
c:\users\edgar\documents\github\motorvideojuegos\sdl2_simple_example\sdl2_simple_example\x64\debug\main.obj.enc
c:\users\edgar\documents\github\motorvideojuegos\sdl2_simple_example\sdl2_simple_example\x64\debug\sdl2_sim.58145abe.tlog\cl.command.1.tlog
c:\users\edgar\documents\github\motorvideojuegos\sdl2_simple_example\sdl2_simple_example\x64\debug\sdl2_sim.58145abe.tlog\cl.items.tlog
c:\users\edgar\documents\github\motorvideojuegos\sdl2_simple_example\sdl2_simple_example\x64\debug\sdl2_sim.58145abe.tlog\cl.read.1.tlog
c:\users\edgar\documents\github\motorvideojuegos\sdl2_simple_example\sdl2_simple_example\x64\debug\sdl2_sim.58145abe.tlog\cl.write.1.tlog
c:\users\edgar\documents\github\motorvideojuegos\sdl2_simple_example\sdl2_simple_example\x64\debug\sdl2_sim.58145abe.tlog\link-cvtres.read.1.tlog
c:\users\edgar\documents\github\motorvideojuegos\sdl2_simple_example\sdl2_simple_example\x64\debug\sdl2_sim.58145abe.tlog\link-cvtres.write.1.tlog
c:\users\edgar\documents\github\motorvideojuegos\sdl2_simple_example\sdl2_simple_example\x64\debug\sdl2_sim.58145abe.tlog\link-rc.read.1.tlog
c:\users\edgar\documents\github\motorvideojuegos\sdl2_simple_example\sdl2_simple_example\x64\debug\sdl2_sim.58145abe.tlog\link-rc.write.1.tlog
c:\users\edgar\documents\github\motorvideojuegos\sdl2_simple_example\sdl2_simple_example\x64\debug\sdl2_sim.58145abe.tlog\link.command.1.tlog
c:\users\edgar\documents\github\motorvideojuegos\sdl2_simple_example\sdl2_simple_example\x64\debug\sdl2_sim.58145abe.tlog\link.read.1.tlog
c:\users\edgar\documents\github\motorvideojuegos\sdl2_simple_example\sdl2_simple_example\x64\debug\sdl2_sim.58145abe.tlog\link.read.2.tlog
c:\users\edgar\documents\github\motorvideojuegos\sdl2_simple_example\sdl2_simple_example\x64\debug\sdl2_sim.58145abe.tlog\link.secondary.1.tlog
c:\users\edgar\documents\github\motorvideojuegos\sdl2_simple_example\sdl2_simple_example\x64\debug\sdl2_sim.58145abe.tlog\link.write.1.tlog
c:\users\edgar\documents\github\motorvideojuegos\sdl2_simple_example\sdl2_simple_example\x64\debug\sdl2_sim.58145abe.tlog\sdl2_simple_example.write.1u.tlog
